# JRE version: OpenJDK Runtime Environment (8.0_242-b01) (build 1.8.0_242-release-1644-b01)
# Java VM: OpenJDK 64-Bit Server VM (25.242-b01 mixed mode windows-amd64 compressed oops)
Heap:
 PSYoungGen      total 286208K, used 153727K [0x00000000d5580000, 0x00000000eb480000, 0x0000000100000000)
  eden space 254976K, 53% used [0x00000000d5580000,0x00000000dd9ef728,0x00000000e4e80000)
  from space 31232K, 58% used [0x00000000e4e80000,0x00000000e604e0d0,0x00000000e6d00000)
  to   space 31744K, 0% used [0x00000000e9580000,0x00000000e9580000,0x00000000eb480000)
 ParOldGen       total 107008K, used 61798K [0x0000000080000000, 0x0000000086880000, 0x00000000d5580000)
  object space 107008K, 57% used [0x0000000080000000,0x0000000083c598b0,0x0000000086880000)
 Metaspace       used 80194K, capacity 83700K, committed 83928K, reserved 1122304K
  class space    used 10530K, capacity 11202K, committed 11264K, reserved 1048576K
GC Heap History (10 events):
Event: 18.526 GC heap before
{Heap before GC invocations=14 (full 2):
 PSYoungGen      total 203264K, used 32732K [0x00000000d5580000, 0x00000000e5000000, 0x0000000100000000)
  eden space 190464K, 10% used [0x00000000d5580000,0x00000000d68fb6b0,0x00000000e0f80000)
  from space 12800K, 99% used [0x00000000e0f80000,0x00000000e1bfbb18,0x00000000e1c00000)
  to   space 19456K, 0% used [0x00000000e3d00000,0x00000000e3d00000,0x00000000e5000000)
 ParOldGen       total 70656K, used 31204K [0x0000000080000000, 0x0000000084500000, 0x00000000d5580000)
  object space 70656K, 44% used [0x0000000080000000,0x0000000081e79148,0x0000000084500000)
 Metaspace       used 56390K, capacity 58836K, committed 59028K, reserved 1099776K
  class space    used 7714K, capacity 8185K, committed 8192K, reserved 1048576K
Event: 18.545 GC heap after
Heap after GC invocations=14 (full 2):
 PSYoungGen      total 236544K, used 1696K [0x00000000d5580000, 0x00000000e6c00000, 0x0000000100000000)
  eden space 217088K, 0% used [0x00000000d5580000,0x00000000d5580000,0x00000000e2980000)
  from space 19456K, 8% used [0x00000000e3d00000,0x00000000e3ea8000,0x00000000e5000000)
  to   space 19968K, 0% used [0x00000000e2980000,0x00000000e2980000,0x00000000e3d00000)
 ParOldGen       total 70656K, used 41725K [0x0000000080000000, 0x0000000084500000, 0x00000000d5580000)
  object space 70656K, 59% used [0x0000000080000000,0x00000000828bf6d0,0x0000000084500000)
 Metaspace       used 56390K, capacity 58836K, committed 59028K, reserved 1099776K
  class space    used 7714K, capacity 8185K, committed 8192K, reserved 1048576K
}
Event: 18.545 GC heap before
{Heap before GC invocations=15 (full 3):
 PSYoungGen      total 236544K, used 1696K [0x00000000d5580000, 0x00000000e6c00000, 0x0000000100000000)
  eden space 217088K, 0% used [0x00000000d5580000,0x00000000d5580000,0x00000000e2980000)
  from space 19456K, 8% used [0x00000000e3d00000,0x00000000e3ea8000,0x00000000e5000000)
  to   space 19968K, 0% used [0x00000000e2980000,0x00000000e2980000,0x00000000e3d00000)
 ParOldGen       total 70656K, used 41725K [0x0000000080000000, 0x0000000084500000, 0x00000000d5580000)
  object space 70656K, 59% used [0x0000000080000000,0x00000000828bf6d0,0x0000000084500000)
 Metaspace       used 56390K, capacity 58836K, committed 59028K, reserved 1099776K
  class space    used 7714K, capacity 8185K, committed 8192K, reserved 1048576K
Event: 19.017 GC heap after
Heap after GC invocations=15 (full 3):
 PSYoungGen      total 236544K, used 0K [0x00000000d5580000, 0x00000000e6c00000, 0x0000000100000000)
  eden space 217088K, 0% used [0x00000000d5580000,0x00000000d5580000,0x00000000e2980000)
  from space 19456K, 0% used [0x00000000e3d00000,0x00000000e3d00000,0x00000000e5000000)
  to   space 19968K, 0% used [0x00000000e2980000,0x00000000e2980000,0x00000000e3d00000)
 ParOldGen       total 107008K, used 29256K [0x0000000080000000, 0x0000000086880000, 0x00000000d5580000)
  object space 107008K, 27% used [0x0000000080000000,0x0000000081c92068,0x0000000086880000)
 Metaspace       used 56344K, capacity 58680K, committed 59028K, reserved 1099776K
  class space    used 7700K, capacity 8159K, committed 8192K, reserved 1048576K
}
Event: 27.159 GC heap before
{Heap before GC invocations=16 (full 3):
 PSYoungGen      total 236544K, used 217088K [0x00000000d5580000, 0x00000000e6c00000, 0x0000000100000000)
  eden space 217088K, 100% used [0x00000000d5580000,0x00000000e2980000,0x00000000e2980000)
  from space 19456K, 0% used [0x00000000e3d00000,0x00000000e3d00000,0x00000000e5000000)
  to   space 19968K, 0% used [0x00000000e2980000,0x00000000e2980000,0x00000000e3d00000)
 ParOldGen       total 107008K, used 29256K [0x0000000080000000, 0x0000000086880000, 0x00000000d5580000)
  object space 107008K, 27% used [0x0000000080000000,0x0000000081c92068,0x0000000086880000)
 Metaspace       used 64021K, capacity 67126K, committed 67288K, reserved 1107968K
  class space    used 8805K, capacity 9398K, committed 9472K, reserved 1048576K
Event: 27.193 GC heap after
Heap after GC invocations=16 (full 3):
 PSYoungGen      total 237056K, used 18602K [0x00000000d5580000, 0x00000000e8300000, 0x0000000100000000)
  eden space 217088K, 0% used [0x00000000d5580000,0x00000000d5580000,0x00000000e2980000)
  from space 19968K, 93% used [0x00000000e2980000,0x00000000e3baabb8,0x00000000e3d00000)
  to   space 22528K, 0% used [0x00000000e6d00000,0x00000000e6d00000,0x00000000e8300000)
 ParOldGen       total 107008K, used 29264K [0x0000000080000000, 0x0000000086880000, 0x00000000d5580000)
  object space 107008K, 27% used [0x0000000080000000,0x0000000081c94068,0x0000000086880000)
 Metaspace       used 64021K, capacity 67126K, committed 67288K, reserved 1107968K
  class space    used 8805K, capacity 9398K, committed 9472K, reserved 1048576K
}
Event: 7258.395 GC heap before
{Heap before GC invocations=17 (full 3):
 PSYoungGen      total 237056K, used 235690K [0x00000000d5580000, 0x00000000e8300000, 0x0000000100000000)
  eden space 217088K, 100% used [0x00000000d5580000,0x00000000e2980000,0x00000000e2980000)
  from space 19968K, 93% used [0x00000000e2980000,0x00000000e3baabb8,0x00000000e3d00000)
  to   space 22528K, 0% used [0x00000000e6d00000,0x00000000e6d00000,0x00000000e8300000)
 ParOldGen       total 107008K, used 29264K [0x0000000080000000, 0x0000000086880000, 0x00000000d5580000)
  object space 107008K, 27% used [0x0000000080000000,0x0000000081c94068,0x0000000086880000)
 Metaspace       used 69428K, capacity 72674K, committed 72792K, reserved 1112064K
  class space    used 9214K, capacity 9810K, committed 9856K, reserved 1048576K
Event: 7258.486 GC heap after
Heap after GC invocations=17 (full 3):
 PSYoungGen      total 277504K, used 22521K [0x00000000d5580000, 0x00000000e8c00000, 0x0000000100000000)
  eden space 254976K, 0% used [0x00000000d5580000,0x00000000d5580000,0x00000000e4e80000)
  from space 22528K, 99% used [0x00000000e6d00000,0x00000000e82fe4e0,0x00000000e8300000)
  to   space 31232K, 0% used [0x00000000e4e80000,0x00000000e4e80000,0x00000000e6d00000)
 ParOldGen       total 107008K, used 42860K [0x0000000080000000, 0x0000000086880000, 0x00000000d5580000)
  object space 107008K, 40% used [0x0000000080000000,0x00000000829db110,0x0000000086880000)
 Metaspace       used 69428K, capacity 72674K, committed 72792K, reserved 1112064K
  class space    used 9214K, capacity 9810K, committed 9856K, reserved 1048576K
}
Event: 7264.047 GC heap before
{Heap before GC invocations=18 (full 3):
 PSYoungGen      total 277504K, used 276550K [0x00000000d5580000, 0x00000000e8c00000, 0x0000000100000000)
  eden space 254976K, 99% used [0x00000000d5580000,0x00000000e4d935c8,0x00000000e4e80000)
  from space 22528K, 99% used [0x00000000e6d00000,0x00000000e82fe4e0,0x00000000e8300000)
  to   space 31232K, 0% used [0x00000000e4e80000,0x00000000e4e80000,0x00000000e6d00000)
 ParOldGen       total 107008K, used 42860K [0x0000000080000000, 0x0000000086880000, 0x00000000d5580000)
  object space 107008K, 40% used [0x0000000080000000,0x00000000829db110,0x0000000086880000)
 Metaspace       used 78602K, capacity 82108K, committed 82264K, reserved 1120256K
  class space    used 10364K, capacity 11024K, committed 11136K, reserved 1048576K
Event: 7264.093 GC heap after
Heap after GC invocations=18 (full 3):
 PSYoungGen      total 286208K, used 18232K [0x00000000d5580000, 0x00000000eb480000, 0x0000000100000000)
  eden space 254976K, 0% used [0x00000000d5580000,0x00000000d5580000,0x00000000e4e80000)
  from space 31232K, 58% used [0x00000000e4e80000,0x00000000e604e0d0,0x00000000e6d00000)
  to   space 31744K, 0% used [0x00000000e9580000,0x00000000e9580000,0x00000000eb480000)
 ParOldGen       total 107008K, used 61798K [0x0000000080000000, 0x0000000086880000, 0x00000000d5580000)
  object space 107008K, 57% used [0x0000000080000000,0x0000000083c598b0,0x0000000086880000)
 Metaspace       used 78602K, capacity 82108K, committed 82264K, reserved 1120256K
  class space    used 10364K, capacity 11024K, committed 11136K, reserved 1048576K
}

