# JRE version: OpenJDK Runtime Environment (8.0_242-b01) (build 1.8.0_242-release-1644-b01)
# Java VM: OpenJDK 64-Bit Server VM (25.242-b01 mixed mode windows-amd64 compressed oops)
Heap:
 PSYoungGen      total 344064K, used 159891K [0x00000000d5580000, 0x00000000ef900000, 0x0000000100000000)
  eden space 314880K, 50% used [0x00000000d5580000,0x00000000df1a4d78,0x00000000e8900000)
  from space 29184K, 0% used [0x00000000eb600000,0x00000000eb600000,0x00000000ed280000)
  to   space 46080K, 0% used [0x00000000e8900000,0x00000000e8900000,0x00000000eb600000)
 ParOldGen       total 104448K, used 103618K [0x0000000080000000, 0x0000000086600000, 0x00000000d5580000)
  object space 104448K, 99% used [0x0000000080000000,0x0000000086530bc8,0x0000000086600000)
 Metaspace       used 90519K, capacity 94900K, committed 97880K, reserved 1134592K
  class space    used 12023K, capacity 12840K, committed 13696K, reserved 1048576K
GC Heap History (10 events):
Event: 35.271 GC heap before
{Heap before GC invocations=16 (full 3):
 PSYoungGen      total 243200K, used 223744K [0x00000000d5580000, 0x00000000e6e80000, 0x0000000100000000)
  eden space 223744K, 100% used [0x00000000d5580000,0x00000000e3000000,0x00000000e3000000)
  from space 19456K, 0% used [0x00000000e4380000,0x00000000e4380000,0x00000000e5680000)
  to   space 19968K, 0% used [0x00000000e3000000,0x00000000e3000000,0x00000000e4380000)
 ParOldGen       total 104448K, used 29280K [0x0000000080000000, 0x0000000086600000, 0x00000000d5580000)
  object space 104448K, 28% used [0x0000000080000000,0x0000000081c98160,0x0000000086600000)
 Metaspace       used 64012K, capacity 67140K, committed 67288K, reserved 1107968K
  class space    used 8807K, capacity 9405K, committed 9472K, reserved 1048576K
Event: 35.312 GC heap after
Heap after GC invocations=16 (full 3):
 PSYoungGen      total 243712K, used 18706K [0x00000000d5580000, 0x00000000e9780000, 0x0000000100000000)
  eden space 223744K, 0% used [0x00000000d5580000,0x00000000d5580000,0x00000000e3000000)
  from space 19968K, 93% used [0x00000000e3000000,0x00000000e4244a40,0x00000000e4380000)
  to   space 22528K, 0% used [0x00000000e8180000,0x00000000e8180000,0x00000000e9780000)
 ParOldGen       total 104448K, used 29288K [0x0000000080000000, 0x0000000086600000, 0x00000000d5580000)
  object space 104448K, 28% used [0x0000000080000000,0x0000000081c9a160,0x0000000086600000)
 Metaspace       used 64012K, capacity 67140K, committed 67288K, reserved 1107968K
  class space    used 8807K, capacity 9405K, committed 9472K, reserved 1048576K
}
Event: 1216.998 GC heap before
{Heap before GC invocations=17 (full 3):
 PSYoungGen      total 243712K, used 242450K [0x00000000d5580000, 0x00000000e9780000, 0x0000000100000000)
  eden space 223744K, 100% used [0x00000000d5580000,0x00000000e3000000,0x00000000e3000000)
  from space 19968K, 93% used [0x00000000e3000000,0x00000000e4244a40,0x00000000e4380000)
  to   space 22528K, 0% used [0x00000000e8180000,0x00000000e8180000,0x00000000e9780000)
 ParOldGen       total 104448K, used 29288K [0x0000000080000000, 0x0000000086600000, 0x00000000d5580000)
  object space 104448K, 28% used [0x0000000080000000,0x0000000081c9a160,0x0000000086600000)
 Metaspace       used 69752K, capacity 73056K, committed 73432K, reserved 1112064K
  class space    used 9283K, capacity 9863K, committed 9984K, reserved 1048576K
Event: 1217.031 GC heap after
Heap after GC invocations=17 (full 3):
 PSYoungGen      total 297984K, used 22512K [0x00000000d5580000, 0x00000000e9780000, 0x0000000100000000)
  eden space 275456K, 0% used [0x00000000d5580000,0x00000000d5580000,0x00000000e6280000)
  from space 22528K, 99% used [0x00000000e8180000,0x00000000e977c380,0x00000000e9780000)
  to   space 26624K, 0% used [0x00000000e6380000,0x00000000e6380000,0x00000000e7d80000)
 ParOldGen       total 104448K, used 31042K [0x0000000080000000, 0x0000000086600000, 0x00000000d5580000)
  object space 104448K, 29% used [0x0000000080000000,0x0000000081e508f0,0x0000000086600000)
 Metaspace       used 69752K, capacity 73056K, committed 73432K, reserved 1112064K
  class space    used 9283K, capacity 9863K, committed 9984K, reserved 1048576K
}
Event: 1226.398 GC heap before
{Heap before GC invocations=18 (full 3):
 PSYoungGen      total 297984K, used 297968K [0x00000000d5580000, 0x00000000e9780000, 0x0000000100000000)
  eden space 275456K, 100% used [0x00000000d5580000,0x00000000e6280000,0x00000000e6280000)
  from space 22528K, 99% used [0x00000000e8180000,0x00000000e977c380,0x00000000e9780000)
  to   space 26624K, 0% used [0x00000000e6380000,0x00000000e6380000,0x00000000e7d80000)
 ParOldGen       total 104448K, used 31042K [0x0000000080000000, 0x0000000086600000, 0x00000000d5580000)
  object space 104448K, 29% used [0x0000000080000000,0x0000000081e508f0,0x0000000086600000)
 Metaspace       used 80033K, capacity 83670K, committed 83928K, reserved 1122304K
  class space    used 10536K, capacity 11217K, committed 11264K, reserved 1048576K
Event: 1226.458 GC heap after
Heap after GC invocations=18 (full 3):
 PSYoungGen      total 303104K, used 21116K [0x00000000d5580000, 0x00000000ed280000, 0x0000000100000000)
  eden space 276480K, 0% used [0x00000000d5580000,0x00000000d5580000,0x00000000e6380000)
  from space 26624K, 79% used [0x00000000e6380000,0x00000000e781f3e0,0x00000000e7d80000)
  to   space 29184K, 0% used [0x00000000eb600000,0x00000000eb600000,0x00000000ed280000)
 ParOldGen       total 104448K, used 50864K [0x0000000080000000, 0x0000000086600000, 0x00000000d5580000)
  object space 104448K, 48% used [0x0000000080000000,0x00000000831ac308,0x0000000086600000)
 Metaspace       used 80033K, capacity 83670K, committed 83928K, reserved 1122304K
  class space    used 10536K, capacity 11217K, committed 11264K, reserved 1048576K
}
Event: 1230.119 GC heap before
{Heap before GC invocations=19 (full 3):
 PSYoungGen      total 303104K, used 297596K [0x00000000d5580000, 0x00000000ed280000, 0x0000000100000000)
  eden space 276480K, 100% used [0x00000000d5580000,0x00000000e6380000,0x00000000e6380000)
  from space 26624K, 79% used [0x00000000e6380000,0x00000000e781f3e0,0x00000000e7d80000)
  to   space 29184K, 0% used [0x00000000eb600000,0x00000000eb600000,0x00000000ed280000)
 ParOldGen       total 104448K, used 50864K [0x0000000080000000, 0x0000000086600000, 0x00000000d5580000)
  object space 104448K, 48% used [0x0000000080000000,0x00000000831ac308,0x0000000086600000)
 Metaspace       used 90649K, capacity 96664K, committed 96728K, reserved 1132544K
  class space    used 12359K, capacity 13544K, committed 13568K, reserved 1048576K
Event: 1230.208 GC heap after
Heap after GC invocations=19 (full 3):
 PSYoungGen      total 344064K, used 29172K [0x00000000d5580000, 0x00000000ef900000, 0x0000000100000000)
  eden space 314880K, 0% used [0x00000000d5580000,0x00000000d5580000,0x00000000e8900000)
  from space 29184K, 99% used [0x00000000eb600000,0x00000000ed27d0c0,0x00000000ed280000)
  to   space 46080K, 0% used [0x00000000e8900000,0x00000000e8900000,0x00000000eb600000)
 ParOldGen       total 104448K, used 84252K [0x0000000080000000, 0x0000000086600000, 0x00000000d5580000)
  object space 104448K, 80% used [0x0000000080000000,0x0000000085247060,0x0000000086600000)
 Metaspace       used 90649K, capacity 96664K, committed 96728K, reserved 1132544K
  class space    used 12359K, capacity 13544K, committed 13568K, reserved 1048576K
}
Event: 1230.208 GC heap before
{Heap before GC invocations=20 (full 4):
 PSYoungGen      total 344064K, used 29172K [0x00000000d5580000, 0x00000000ef900000, 0x0000000100000000)
  eden space 314880K, 0% used [0x00000000d5580000,0x00000000d5580000,0x00000000e8900000)
  from space 29184K, 99% used [0x00000000eb600000,0x00000000ed27d0c0,0x00000000ed280000)
  to   space 46080K, 0% used [0x00000000e8900000,0x00000000e8900000,0x00000000eb600000)
 ParOldGen       total 104448K, used 84252K [0x0000000080000000, 0x0000000086600000, 0x00000000d5580000)
  object space 104448K, 80% used [0x0000000080000000,0x0000000085247060,0x0000000086600000)
 Metaspace       used 90649K, capacity 96664K, committed 96728K, reserved 1132544K
  class space    used 12359K, capacity 13544K, committed 13568K, reserved 1048576K
Event: 1230.874 GC heap after
Heap after GC invocations=20 (full 4):
 PSYoungGen      total 344064K, used 0K [0x00000000d5580000, 0x00000000ef900000, 0x0000000100000000)
  eden space 314880K, 0% used [0x00000000d5580000,0x00000000d5580000,0x00000000e8900000)
  from space 29184K, 0% used [0x00000000eb600000,0x00000000eb600000,0x00000000ed280000)
  to   space 46080K, 0% used [0x00000000e8900000,0x00000000e8900000,0x00000000eb600000)
 ParOldGen       total 104448K, used 103618K [0x0000000080000000, 0x0000000086600000, 0x00000000d5580000)
  object space 104448K, 99% used [0x0000000080000000,0x0000000086530bc8,0x0000000086600000)
 Metaspace       used 89366K, capacity 93672K, committed 96728K, reserved 1132544K
  class space    used 11897K, capacity 12718K, committed 13568K, reserved 1048576K
}

