# JRE version: OpenJDK Runtime Environment (8.0_242-b01) (build 1.8.0_242-release-1644-b01)
# Java VM: OpenJDK 64-Bit Server VM (25.242-b01 mixed mode windows-amd64 compressed oops)
Heap:
 PSYoungGen      total 652800K, used 176391K [0x00000000d5580000, 0x00000000ffe00000, 0x0000000100000000)
  eden space 609792K, 26% used [0x00000000d5580000,0x00000000df368598,0x00000000fa900000)
  from space 43008K, 34% used [0x00000000fa900000,0x00000000fb759820,0x00000000fd300000)
  to   space 41472K, 0% used [0x00000000fd580000,0x00000000fd580000,0x00000000ffe00000)
 ParOldGen       total 210944K, used 158552K [0x0000000080000000, 0x000000008ce00000, 0x00000000d5580000)
  object space 210944K, 75% used [0x0000000080000000,0x0000000089ad63b8,0x000000008ce00000)
 Metaspace       used 85263K, capacity 89770K, committed 90968K, reserved 1128448K
  class space    used 11415K, capacity 12244K, committed 12672K, reserved 1048576K
GC Heap History (10 events):
Event: 58.794 GC heap before
{Heap before GC invocations=23 (full 4):
 PSYoungGen      total 484352K, used 465192K [0x00000000d5580000, 0x00000000f5980000, 0x0000000100000000)
  eden space 441344K, 100% used [0x00000000d5580000,0x00000000f0480000,0x00000000f0480000)
  from space 43008K, 55% used [0x00000000f2e80000,0x00000000f45ca2f8,0x00000000f5880000)
  to   space 43008K, 0% used [0x00000000f0480000,0x00000000f0480000,0x00000000f2e80000)
 ParOldGen       total 210944K, used 103052K [0x0000000080000000, 0x000000008ce00000, 0x00000000d5580000)
  object space 210944K, 48% used [0x0000000080000000,0x00000000864a3288,0x000000008ce00000)
 Metaspace       used 84923K, capacity 89456K, committed 90712K, reserved 1128448K
  class space    used 11405K, capacity 12235K, committed 12672K, reserved 1048576K
Event: 59.292 GC heap after
Heap after GC invocations=23 (full 4):
 PSYoungGen      total 484352K, used 32348K [0x00000000d5580000, 0x00000000fd400000, 0x0000000100000000)
  eden space 441344K, 0% used [0x00000000d5580000,0x00000000d5580000,0x00000000f0480000)
  from space 43008K, 75% used [0x00000000f0480000,0x00000000f24170b8,0x00000000f2e80000)
  to   space 45568K, 0% used [0x00000000fa780000,0x00000000fa780000,0x00000000fd400000)
 ParOldGen       total 210944K, used 103060K [0x0000000080000000, 0x000000008ce00000, 0x00000000d5580000)
  object space 210944K, 48% used [0x0000000080000000,0x00000000864a5288,0x000000008ce00000)
 Metaspace       used 84923K, capacity 89456K, committed 90712K, reserved 1128448K
  class space    used 11405K, capacity 12235K, committed 12672K, reserved 1048576K
}
Event: 60.567 GC heap before
{Heap before GC invocations=24 (full 4):
 PSYoungGen      total 484352K, used 473692K [0x00000000d5580000, 0x00000000fd400000, 0x0000000100000000)
  eden space 441344K, 100% used [0x00000000d5580000,0x00000000f0480000,0x00000000f0480000)
  from space 43008K, 75% used [0x00000000f0480000,0x00000000f24170b8,0x00000000f2e80000)
  to   space 45568K, 0% used [0x00000000fa780000,0x00000000fa780000,0x00000000fd400000)
 ParOldGen       total 210944K, used 103060K [0x0000000080000000, 0x000000008ce00000, 0x00000000d5580000)
  object space 210944K, 48% used [0x0000000080000000,0x00000000864a5288,0x000000008ce00000)
 Metaspace       used 85052K, capacity 89594K, committed 90712K, reserved 1128448K
  class space    used 11409K, capacity 12236K, committed 12672K, reserved 1048576K
Event: 60.644 GC heap after
Heap after GC invocations=24 (full 4):
 PSYoungGen      total 603136K, used 26301K [0x00000000d5580000, 0x00000000fd180000, 0x0000000100000000)
  eden space 560128K, 0% used [0x00000000d5580000,0x00000000d5580000,0x00000000f7880000)
  from space 43008K, 61% used [0x00000000fa780000,0x00000000fc12f630,0x00000000fd180000)
  to   space 45568K, 0% used [0x00000000f7880000,0x00000000f7880000,0x00000000fa500000)
 ParOldGen       total 210944K, used 115531K [0x0000000080000000, 0x000000008ce00000, 0x00000000d5580000)
  object space 210944K, 54% used [0x0000000080000000,0x00000000870d2d40,0x000000008ce00000)
 Metaspace       used 85052K, capacity 89594K, committed 90712K, reserved 1128448K
  class space    used 11409K, capacity 12236K, committed 12672K, reserved 1048576K
}
Event: 62.400 GC heap before
{Heap before GC invocations=25 (full 4):
 PSYoungGen      total 603136K, used 586429K [0x00000000d5580000, 0x00000000fd180000, 0x0000000100000000)
  eden space 560128K, 100% used [0x00000000d5580000,0x00000000f7880000,0x00000000f7880000)
  from space 43008K, 61% used [0x00000000fa780000,0x00000000fc12f630,0x00000000fd180000)
  to   space 45568K, 0% used [0x00000000f7880000,0x00000000f7880000,0x00000000fa500000)
 ParOldGen       total 210944K, used 115531K [0x0000000080000000, 0x000000008ce00000, 0x00000000d5580000)
  object space 210944K, 54% used [0x0000000080000000,0x00000000870d2d40,0x000000008ce00000)
 Metaspace       used 85148K, capacity 89664K, committed 90968K, reserved 1128448K
  class space    used 11409K, capacity 12237K, committed 12672K, reserved 1048576K
Event: 62.788 GC heap after
Heap after GC invocations=25 (full 4):
 PSYoungGen      total 605696K, used 21157K [0x00000000d5580000, 0x00000000ffe80000, 0x0000000100000000)
  eden space 560128K, 0% used [0x00000000d5580000,0x00000000d5580000,0x00000000f7880000)
  from space 45568K, 46% used [0x00000000f7880000,0x00000000f8d294c0,0x00000000fa500000)
  to   space 43520K, 0% used [0x00000000fd400000,0x00000000fd400000,0x00000000ffe80000)
 ParOldGen       total 210944K, used 131432K [0x0000000080000000, 0x000000008ce00000, 0x00000000d5580000)
  object space 210944K, 62% used [0x0000000080000000,0x000000008805a068,0x000000008ce00000)
 Metaspace       used 85148K, capacity 89664K, committed 90968K, reserved 1128448K
  class space    used 11409K, capacity 12237K, committed 12672K, reserved 1048576K
}
Event: 65.311 GC heap before
{Heap before GC invocations=26 (full 4):
 PSYoungGen      total 605696K, used 581285K [0x00000000d5580000, 0x00000000ffe80000, 0x0000000100000000)
  eden space 560128K, 100% used [0x00000000d5580000,0x00000000f7880000,0x00000000f7880000)
  from space 45568K, 46% used [0x00000000f7880000,0x00000000f8d294c0,0x00000000fa500000)
  to   space 43520K, 0% used [0x00000000fd400000,0x00000000fd400000,0x00000000ffe80000)
 ParOldGen       total 210944K, used 131432K [0x0000000080000000, 0x000000008ce00000, 0x00000000d5580000)
  object space 210944K, 62% used [0x0000000080000000,0x000000008805a068,0x000000008ce00000)
 Metaspace       used 85197K, capacity 89762K, committed 90968K, reserved 1128448K
  class space    used 11415K, capacity 12244K, committed 12672K, reserved 1048576K
Event: 65.424 GC heap after
Heap after GC invocations=26 (full 4):
 PSYoungGen      total 651776K, used 10654K [0x00000000d5580000, 0x00000000ffd00000, 0x0000000100000000)
  eden space 609792K, 0% used [0x00000000d5580000,0x00000000d5580000,0x00000000fa900000)
  from space 41984K, 25% used [0x00000000fd400000,0x00000000fde67800,0x00000000ffd00000)
  to   space 43008K, 0% used [0x00000000fa900000,0x00000000fa900000,0x00000000fd300000)
 ParOldGen       total 210944K, used 149411K [0x0000000080000000, 0x000000008ce00000, 0x00000000d5580000)
  object space 210944K, 70% used [0x0000000080000000,0x00000000891e8c30,0x000000008ce00000)
 Metaspace       used 85197K, capacity 89762K, committed 90968K, reserved 1128448K
  class space    used 11415K, capacity 12244K, committed 12672K, reserved 1048576K
}
Event: 67.855 GC heap before
{Heap before GC invocations=27 (full 4):
 PSYoungGen      total 651776K, used 620446K [0x00000000d5580000, 0x00000000ffd00000, 0x0000000100000000)
  eden space 609792K, 100% used [0x00000000d5580000,0x00000000fa900000,0x00000000fa900000)
  from space 41984K, 25% used [0x00000000fd400000,0x00000000fde67800,0x00000000ffd00000)
  to   space 43008K, 0% used [0x00000000fa900000,0x00000000fa900000,0x00000000fd300000)
 ParOldGen       total 210944K, used 149411K [0x0000000080000000, 0x000000008ce00000, 0x00000000d5580000)
  object space 210944K, 70% used [0x0000000080000000,0x00000000891e8c30,0x000000008ce00000)
 Metaspace       used 85228K, capacity 89770K, committed 90968K, reserved 1128448K
  class space    used 11415K, capacity 12244K, committed 12672K, reserved 1048576K
Event: 67.902 GC heap after
Heap after GC invocations=27 (full 4):
 PSYoungGen      total 652800K, used 14694K [0x00000000d5580000, 0x00000000ffe00000, 0x0000000100000000)
  eden space 609792K, 0% used [0x00000000d5580000,0x00000000d5580000,0x00000000fa900000)
  from space 43008K, 34% used [0x00000000fa900000,0x00000000fb759820,0x00000000fd300000)
  to   space 41472K, 0% used [0x00000000fd580000,0x00000000fd580000,0x00000000ffe00000)
 ParOldGen       total 210944K, used 158552K [0x0000000080000000, 0x000000008ce00000, 0x00000000d5580000)
  object space 210944K, 75% used [0x0000000080000000,0x0000000089ad63b8,0x000000008ce00000)
 Metaspace       used 85228K, capacity 89770K, committed 90968K, reserved 1128448K
  class space    used 11415K, capacity 12244K, committed 12672K, reserved 1048576K
}

