# JRE version: OpenJDK Runtime Environment (8.0_242-b01) (build 1.8.0_242-release-1644-b01)
# Java VM: OpenJDK 64-Bit Server VM (25.242-b01 mixed mode windows-amd64 compressed oops)
Heap:
 PSYoungGen      total 232448K, used 68897K [0x00000000d5580000, 0x00000000e8400000, 0x0000000100000000)
  eden space 212992K, 23% used [0x00000000d5580000,0x00000000d85cf430,0x00000000e2580000)
  from space 19456K, 99% used [0x00000000e2580000,0x00000000e3879368,0x00000000e3880000)
  to   space 25600K, 0% used [0x00000000e6b00000,0x00000000e6b00000,0x00000000e8400000)
 ParOldGen       total 110080K, used 37310K [0x0000000080000000, 0x0000000086b80000, 0x00000000d5580000)
  object space 110080K, 33% used [0x0000000080000000,0x000000008246f878,0x0000000086b80000)
 Metaspace       used 66479K, capacity 69618K, committed 69848K, reserved 1110016K
  class space    used 9091K, capacity 9678K, committed 9728K, reserved 1048576K
GC Heap History (10 events):
Event: 11.787 GC heap before
{Heap before GC invocations=12 (full 2):
 PSYoungGen      total 137728K, used 126464K [0x00000000d5580000, 0x00000000e2b00000, 0x0000000100000000)
  eden space 126464K, 100% used [0x00000000d5580000,0x00000000dd100000,0x00000000dd100000)
  from space 11264K, 0% used [0x00000000dd100000,0x00000000dd100000,0x00000000ddc00000)
  to   space 12800K, 0% used [0x00000000e1e80000,0x00000000e1e80000,0x00000000e2b00000)
 ParOldGen       total 72192K, used 17556K [0x0000000080000000, 0x0000000084680000, 0x00000000d5580000)
  object space 72192K, 24% used [0x0000000080000000,0x0000000081125208,0x0000000084680000)
 Metaspace       used 39249K, capacity 40992K, committed 41048K, reserved 1085440K
  class space    used 5419K, capacity 5758K, committed 5760K, reserved 1048576K
Event: 11.801 GC heap after
Heap after GC invocations=12 (full 2):
 PSYoungGen      total 175616K, used 9184K [0x00000000d5580000, 0x00000000e2780000, 0x0000000100000000)
  eden space 166400K, 0% used [0x00000000d5580000,0x00000000d5580000,0x00000000df800000)
  from space 9216K, 99% used [0x00000000e1e80000,0x00000000e2778310,0x00000000e2780000)
  to   space 12800K, 0% used [0x00000000e0e80000,0x00000000e0e80000,0x00000000e1b00000)
 ParOldGen       total 72192K, used 17564K [0x0000000080000000, 0x0000000084680000, 0x00000000d5580000)
  object space 72192K, 24% used [0x0000000080000000,0x0000000081127208,0x0000000084680000)
 Metaspace       used 39249K, capacity 40992K, committed 41048K, reserved 1085440K
  class space    used 5419K, capacity 5758K, committed 5760K, reserved 1048576K
}
Event: 15.913 GC heap before
{Heap before GC invocations=13 (full 2):
 PSYoungGen      total 175616K, used 175584K [0x00000000d5580000, 0x00000000e2780000, 0x0000000100000000)
  eden space 166400K, 100% used [0x00000000d5580000,0x00000000df800000,0x00000000df800000)
  from space 9216K, 99% used [0x00000000e1e80000,0x00000000e2778310,0x00000000e2780000)
  to   space 12800K, 0% used [0x00000000e0e80000,0x00000000e0e80000,0x00000000e1b00000)
 ParOldGen       total 72192K, used 17564K [0x0000000080000000, 0x0000000084680000, 0x00000000d5580000)
  object space 72192K, 24% used [0x0000000080000000,0x0000000081127208,0x0000000084680000)
 Metaspace       used 55084K, capacity 57412K, committed 57688K, reserved 1099776K
  class space    used 7504K, capacity 7981K, committed 8064K, reserved 1048576K
Event: 15.947 GC heap after
Heap after GC invocations=13 (full 2):
 PSYoungGen      total 202240K, used 12780K [0x00000000d5580000, 0x00000000e4b80000, 0x0000000100000000)
  eden space 189440K, 0% used [0x00000000d5580000,0x00000000d5580000,0x00000000e0e80000)
  from space 12800K, 99% used [0x00000000e0e80000,0x00000000e1afb310,0x00000000e1b00000)
  to   space 19456K, 0% used [0x00000000e3880000,0x00000000e3880000,0x00000000e4b80000)
 ParOldGen       total 72192K, used 30722K [0x0000000080000000, 0x0000000084680000, 0x00000000d5580000)
  object space 72192K, 42% used [0x0000000080000000,0x0000000081e00938,0x0000000084680000)
 Metaspace       used 55084K, capacity 57412K, committed 57688K, reserved 1099776K
  class space    used 7504K, capacity 7981K, committed 8064K, reserved 1048576K
}
Event: 16.726 GC heap before
{Heap before GC invocations=14 (full 2):
 PSYoungGen      total 202240K, used 37193K [0x00000000d5580000, 0x00000000e4b80000, 0x0000000100000000)
  eden space 189440K, 12% used [0x00000000d5580000,0x00000000d6d571b0,0x00000000e0e80000)
  from space 12800K, 99% used [0x00000000e0e80000,0x00000000e1afb310,0x00000000e1b00000)
  to   space 19456K, 0% used [0x00000000e3880000,0x00000000e3880000,0x00000000e4b80000)
 ParOldGen       total 72192K, used 30722K [0x0000000080000000, 0x0000000084680000, 0x00000000d5580000)
  object space 72192K, 42% used [0x0000000080000000,0x0000000081e00938,0x0000000084680000)
 Metaspace       used 56448K, capacity 58828K, committed 58968K, reserved 1099776K
  class space    used 7727K, capacity 8213K, committed 8320K, reserved 1048576K
Event: 16.752 GC heap after
Heap after GC invocations=14 (full 2):
 PSYoungGen      total 232448K, used 1980K [0x00000000d5580000, 0x00000000e6a00000, 0x0000000100000000)
  eden space 212992K, 0% used [0x00000000d5580000,0x00000000d5580000,0x00000000e2580000)
  from space 19456K, 10% used [0x00000000e3880000,0x00000000e3a6f1f0,0x00000000e4b80000)
  to   space 19456K, 0% used [0x00000000e2580000,0x00000000e2580000,0x00000000e3880000)
 ParOldGen       total 72192K, used 43365K [0x0000000080000000, 0x0000000084680000, 0x00000000d5580000)
  object space 72192K, 60% used [0x0000000080000000,0x0000000082a59460,0x0000000084680000)
 Metaspace       used 56448K, capacity 58828K, committed 58968K, reserved 1099776K
  class space    used 7727K, capacity 8213K, committed 8320K, reserved 1048576K
}
Event: 16.752 GC heap before
{Heap before GC invocations=15 (full 3):
 PSYoungGen      total 232448K, used 1980K [0x00000000d5580000, 0x00000000e6a00000, 0x0000000100000000)
  eden space 212992K, 0% used [0x00000000d5580000,0x00000000d5580000,0x00000000e2580000)
  from space 19456K, 10% used [0x00000000e3880000,0x00000000e3a6f1f0,0x00000000e4b80000)
  to   space 19456K, 0% used [0x00000000e2580000,0x00000000e2580000,0x00000000e3880000)
 ParOldGen       total 72192K, used 43365K [0x0000000080000000, 0x0000000084680000, 0x00000000d5580000)
  object space 72192K, 60% used [0x0000000080000000,0x0000000082a59460,0x0000000084680000)
 Metaspace       used 56448K, capacity 58828K, committed 58968K, reserved 1099776K
  class space    used 7727K, capacity 8213K, committed 8320K, reserved 1048576K
Event: 17.190 GC heap after
Heap after GC invocations=15 (full 3):
 PSYoungGen      total 232448K, used 0K [0x00000000d5580000, 0x00000000e6a00000, 0x0000000100000000)
  eden space 212992K, 0% used [0x00000000d5580000,0x00000000d5580000,0x00000000e2580000)
  from space 19456K, 0% used [0x00000000e3880000,0x00000000e3880000,0x00000000e4b80000)
  to   space 19456K, 0% used [0x00000000e2580000,0x00000000e2580000,0x00000000e3880000)
 ParOldGen       total 110080K, used 29476K [0x0000000080000000, 0x0000000086b80000, 0x00000000d5580000)
  object space 110080K, 26% used [0x0000000080000000,0x0000000081cc9018,0x0000000086b80000)
 Metaspace       used 56417K, capacity 58720K, committed 58968K, reserved 1099776K
  class space    used 7717K, capacity 8195K, committed 8320K, reserved 1048576K
}
Event: 24.002 GC heap before
{Heap before GC invocations=16 (full 3):
 PSYoungGen      total 232448K, used 212992K [0x00000000d5580000, 0x00000000e6a00000, 0x0000000100000000)
  eden space 212992K, 100% used [0x00000000d5580000,0x00000000e2580000,0x00000000e2580000)
  from space 19456K, 0% used [0x00000000e3880000,0x00000000e3880000,0x00000000e4b80000)
  to   space 19456K, 0% used [0x00000000e2580000,0x00000000e2580000,0x00000000e3880000)
 ParOldGen       total 110080K, used 29476K [0x0000000080000000, 0x0000000086b80000, 0x00000000d5580000)
  object space 110080K, 26% used [0x0000000080000000,0x0000000081cc9018,0x0000000086b80000)
 Metaspace       used 64706K, capacity 67698K, committed 67928K, reserved 1107968K
  class space    used 8914K, capacity 9490K, committed 9600K, reserved 1048576K
Event: 24.034 GC heap after
Heap after GC invocations=16 (full 3):
 PSYoungGen      total 232448K, used 19428K [0x00000000d5580000, 0x00000000e8400000, 0x0000000100000000)
  eden space 212992K, 0% used [0x00000000d5580000,0x00000000d5580000,0x00000000e2580000)
  from space 19456K, 99% used [0x00000000e2580000,0x00000000e3879368,0x00000000e3880000)
  to   space 25600K, 0% used [0x00000000e6b00000,0x00000000e6b00000,0x00000000e8400000)
 ParOldGen       total 110080K, used 37310K [0x0000000080000000, 0x0000000086b80000, 0x00000000d5580000)
  object space 110080K, 33% used [0x0000000080000000,0x000000008246f878,0x0000000086b80000)
 Metaspace       used 64706K, capacity 67698K, committed 67928K, reserved 1107968K
  class space    used 8914K, capacity 9490K, committed 9600K, reserved 1048576K
}

