# JRE version: OpenJDK Runtime Environment (8.0_242-b01) (build 1.8.0_242-release-1644-b01)
# Java VM: OpenJDK 64-Bit Server VM (25.242-b01 mixed mode windows-amd64 compressed oops)
Heap:
 PSYoungGen      total 168448K, used 80089K [0x00000000d5580000, 0x00000000e2280000, 0x0000000100000000)
  eden space 159232K, 44% used [0x00000000d5580000,0x00000000d9ac7830,0x00000000df100000)
  from space 9216K, 99% used [0x00000000e1980000,0x00000000e226ed68,0x00000000e2280000)
  to   space 13312K, 0% used [0x00000000e0880000,0x00000000e0880000,0x00000000e1580000)
 ParOldGen       total 76288K, used 17698K [0x0000000080000000, 0x0000000084a80000, 0x00000000d5580000)
  object space 76288K, 23% used [0x0000000080000000,0x0000000081148ab0,0x0000000084a80000)
 Metaspace       used 46372K, capacity 48264K, committed 48344K, reserved 1091584K
  class space    used 6270K, capacity 6626K, committed 6656K, reserved 1048576K
GC Heap History (10 events):
Event: 6.442 GC heap before
{Heap before GC invocations=8 (full 1):
 PSYoungGen      total 75776K, used 3620K [0x00000000d5580000, 0x00000000de980000, 0x0000000100000000)
  eden space 64512K, 0% used [0x00000000d5580000,0x00000000d5580000,0x00000000d9480000)
  from space 11264K, 32% used [0x00000000d9480000,0x00000000d9809050,0x00000000d9f80000)
  to   space 11264K, 0% used [0x00000000dde80000,0x00000000dde80000,0x00000000de980000)
 ParOldGen       total 86016K, used 9408K [0x0000000080000000, 0x0000000085400000, 0x00000000d5580000)
  object space 86016K, 10% used [0x0000000080000000,0x00000000809302b8,0x0000000085400000)
 Metaspace       used 20516K, capacity 21204K, committed 21248K, reserved 1067008K
  class space    used 2863K, capacity 3048K, committed 3072K, reserved 1048576K
Event: 6.474 GC heap after
Heap after GC invocations=8 (full 1):
 PSYoungGen      total 75776K, used 0K [0x00000000d5580000, 0x00000000de980000, 0x0000000100000000)
  eden space 64512K, 0% used [0x00000000d5580000,0x00000000d5580000,0x00000000d9480000)
  from space 11264K, 0% used [0x00000000d9480000,0x00000000d9480000,0x00000000d9f80000)
  to   space 11264K, 0% used [0x00000000dde80000,0x00000000dde80000,0x00000000de980000)
 ParOldGen       total 47104K, used 6913K [0x0000000080000000, 0x0000000082e00000, 0x00000000d5580000)
  object space 47104K, 14% used [0x0000000080000000,0x00000000806c0698,0x0000000082e00000)
 Metaspace       used 20516K, capacity 21204K, committed 21248K, reserved 1067008K
  class space    used 2863K, capacity 3048K, committed 3072K, reserved 1048576K
}
Event: 7.329 GC heap before
{Heap before GC invocations=9 (full 1):
 PSYoungGen      total 75776K, used 64512K [0x00000000d5580000, 0x00000000de980000, 0x0000000100000000)
  eden space 64512K, 100% used [0x00000000d5580000,0x00000000d9480000,0x00000000d9480000)
  from space 11264K, 0% used [0x00000000d9480000,0x00000000d9480000,0x00000000d9f80000)
  to   space 11264K, 0% used [0x00000000dde80000,0x00000000dde80000,0x00000000de980000)
 ParOldGen       total 47104K, used 6913K [0x0000000080000000, 0x0000000082e00000, 0x00000000d5580000)
  object space 47104K, 14% used [0x0000000080000000,0x00000000806c0698,0x0000000082e00000)
 Metaspace       used 28224K, capacity 29060K, committed 29312K, reserved 1075200K
  class space    used 3885K, capacity 4132K, committed 4224K, reserved 1048576K
Event: 7.337 GC heap after
Heap after GC invocations=9 (full 1):
 PSYoungGen      total 130560K, used 8014K [0x00000000d5580000, 0x00000000de680000, 0x0000000100000000)
  eden space 122368K, 0% used [0x00000000d5580000,0x00000000d5580000,0x00000000dcd00000)
  from space 8192K, 97% used [0x00000000dde80000,0x00000000de653900,0x00000000de680000)
  to   space 11264K, 0% used [0x00000000dd080000,0x00000000dd080000,0x00000000ddb80000)
 ParOldGen       total 47104K, used 6921K [0x0000000080000000, 0x0000000082e00000, 0x00000000d5580000)
  object space 47104K, 14% used [0x0000000080000000,0x00000000806c2698,0x0000000082e00000)
 Metaspace       used 28224K, capacity 29060K, committed 29312K, reserved 1075200K
  class space    used 3885K, capacity 4132K, committed 4224K, reserved 1048576K
}
Event: 8.446 GC heap before
{Heap before GC invocations=10 (full 1):
 PSYoungGen      total 130560K, used 104929K [0x00000000d5580000, 0x00000000de680000, 0x0000000100000000)
  eden space 122368K, 79% used [0x00000000d5580000,0x00000000db424b88,0x00000000dcd00000)
  from space 8192K, 97% used [0x00000000dde80000,0x00000000de653900,0x00000000de680000)
  to   space 11264K, 0% used [0x00000000dd080000,0x00000000dd080000,0x00000000ddb80000)
 ParOldGen       total 47104K, used 6921K [0x0000000080000000, 0x0000000082e00000, 0x00000000d5580000)
  object space 47104K, 14% used [0x0000000080000000,0x00000000806c2698,0x0000000082e00000)
 Metaspace       used 34227K, capacity 35392K, committed 35416K, reserved 1079296K
  class space    used 4710K, capacity 4973K, committed 4992K, reserved 1048576K
Event: 8.474 GC heap after
Heap after GC invocations=10 (full 1):
 PSYoungGen      total 137216K, used 11239K [0x00000000d5580000, 0x00000000e2600000, 0x0000000100000000)
  eden space 125952K, 0% used [0x00000000d5580000,0x00000000d5580000,0x00000000dd080000)
  from space 11264K, 99% used [0x00000000dd080000,0x00000000ddb79ca0,0x00000000ddb80000)
  to   space 12800K, 0% used [0x00000000e1980000,0x00000000e1980000,0x00000000e2600000)
 ParOldGen       total 47104K, used 6929K [0x0000000080000000, 0x0000000082e00000, 0x00000000d5580000)
  object space 47104K, 14% used [0x0000000080000000,0x00000000806c4698,0x0000000082e00000)
 Metaspace       used 34227K, capacity 35392K, committed 35416K, reserved 1079296K
  class space    used 4710K, capacity 4973K, committed 4992K, reserved 1048576K
}
Event: 8.474 GC heap before
{Heap before GC invocations=11 (full 2):
 PSYoungGen      total 137216K, used 11239K [0x00000000d5580000, 0x00000000e2600000, 0x0000000100000000)
  eden space 125952K, 0% used [0x00000000d5580000,0x00000000d5580000,0x00000000dd080000)
  from space 11264K, 99% used [0x00000000dd080000,0x00000000ddb79ca0,0x00000000ddb80000)
  to   space 12800K, 0% used [0x00000000e1980000,0x00000000e1980000,0x00000000e2600000)
 ParOldGen       total 47104K, used 6929K [0x0000000080000000, 0x0000000082e00000, 0x00000000d5580000)
  object space 47104K, 14% used [0x0000000080000000,0x00000000806c4698,0x0000000082e00000)
 Metaspace       used 34227K, capacity 35392K, committed 35416K, reserved 1079296K
  class space    used 4710K, capacity 4973K, committed 4992K, reserved 1048576K
Event: 8.629 GC heap after
Heap after GC invocations=11 (full 2):
 PSYoungGen      total 137216K, used 0K [0x00000000d5580000, 0x00000000e2600000, 0x0000000100000000)
  eden space 125952K, 0% used [0x00000000d5580000,0x00000000d5580000,0x00000000dd080000)
  from space 11264K, 0% used [0x00000000dd080000,0x00000000dd080000,0x00000000ddb80000)
  to   space 12800K, 0% used [0x00000000e1980000,0x00000000e1980000,0x00000000e2600000)
 ParOldGen       total 76288K, used 17690K [0x0000000080000000, 0x0000000084a80000, 0x00000000d5580000)
  object space 76288K, 23% used [0x0000000080000000,0x0000000081146ab0,0x0000000084a80000)
 Metaspace       used 34227K, capacity 35392K, committed 35416K, reserved 1079296K
  class space    used 4710K, capacity 4973K, committed 4992K, reserved 1048576K
}
Event: 11.479 GC heap before
{Heap before GC invocations=12 (full 2):
 PSYoungGen      total 137216K, used 125952K [0x00000000d5580000, 0x00000000e2600000, 0x0000000100000000)
  eden space 125952K, 100% used [0x00000000d5580000,0x00000000dd080000,0x00000000dd080000)
  from space 11264K, 0% used [0x00000000dd080000,0x00000000dd080000,0x00000000ddb80000)
  to   space 12800K, 0% used [0x00000000e1980000,0x00000000e1980000,0x00000000e2600000)
 ParOldGen       total 76288K, used 17690K [0x0000000080000000, 0x0000000084a80000, 0x00000000d5580000)
  object space 76288K, 23% used [0x0000000080000000,0x0000000081146ab0,0x0000000084a80000)
 Metaspace       used 39303K, capacity 41032K, committed 41048K, reserved 1085440K
  class space    used 5418K, capacity 5754K, committed 5760K, reserved 1048576K
Event: 11.500 GC heap after
Heap after GC invocations=12 (full 2):
 PSYoungGen      total 168448K, used 9147K [0x00000000d5580000, 0x00000000e2280000, 0x0000000100000000)
  eden space 159232K, 0% used [0x00000000d5580000,0x00000000d5580000,0x00000000df100000)
  from space 9216K, 99% used [0x00000000e1980000,0x00000000e226ed68,0x00000000e2280000)
  to   space 13312K, 0% used [0x00000000e0880000,0x00000000e0880000,0x00000000e1580000)
 ParOldGen       total 76288K, used 17698K [0x0000000080000000, 0x0000000084a80000, 0x00000000d5580000)
  object space 76288K, 23% used [0x0000000080000000,0x0000000081148ab0,0x0000000084a80000)
 Metaspace       used 39303K, capacity 41032K, committed 41048K, reserved 1085440K
  class space    used 5418K, capacity 5754K, committed 5760K, reserved 1048576K
}

