# JRE version: OpenJDK Runtime Environment (8.0_242-b01) (build 1.8.0_242-release-1644-b01)
# Java VM: OpenJDK 64-Bit Server VM (25.242-b01 mixed mode windows-amd64 compressed oops)
Heap:
 PSYoungGen      total 285696K, used 32746K [0x00000000d5580000, 0x00000000e9500000, 0x0000000100000000)
  eden space 252928K, 0% used [0x00000000d5580000,0x00000000d5580000,0x00000000e4c80000)
  from space 32768K, 99% used [0x00000000e4c80000,0x00000000e6c7aa58,0x00000000e6c80000)
  to   space 24064K, 0% used [0x00000000e6c80000,0x00000000e6c80000,0x00000000e8400000)
 ParOldGen       total 123392K, used 96244K [0x0000000080000000, 0x0000000087880000, 0x00000000d5580000)
  object space 123392K, 77% used [0x0000000080000000,0x0000000085dfd170,0x0000000087880000)
 Metaspace       used 80372K, capacity 84968K, committed 85208K, reserved 1122304K
  class space    used 11179K, capacity 12008K, committed 12032K, reserved 1048576K
GC Heap History (10 events):
Event: 15.341 GC heap after
Heap after GC invocations=12 (full 2):
 PSYoungGen      total 232960K, used 14924K [0x00000000d5580000, 0x00000000e8a80000, 0x0000000100000000)
  eden space 211968K, 0% used [0x00000000d5580000,0x00000000d5580000,0x00000000e2480000)
  from space 20992K, 71% used [0x00000000e3a00000,0x00000000e4893310,0x00000000e4e80000)
  to   space 22016K, 0% used [0x00000000e2480000,0x00000000e2480000,0x00000000e3a00000)
 ParOldGen       total 87040K, used 30339K [0x0000000080000000, 0x0000000085500000, 0x00000000d5580000)
  object space 87040K, 34% used [0x0000000080000000,0x0000000081da0dc0,0x0000000085500000)
 Metaspace       used 56509K, capacity 58884K, committed 59028K, reserved 1099776K
  class space    used 7738K, capacity 8185K, committed 8192K, reserved 1048576K
}
Event: 15.341 GC heap before
{Heap before GC invocations=13 (full 3):
 PSYoungGen      total 232960K, used 14924K [0x00000000d5580000, 0x00000000e8a80000, 0x0000000100000000)
  eden space 211968K, 0% used [0x00000000d5580000,0x00000000d5580000,0x00000000e2480000)
  from space 20992K, 71% used [0x00000000e3a00000,0x00000000e4893310,0x00000000e4e80000)
  to   space 22016K, 0% used [0x00000000e2480000,0x00000000e2480000,0x00000000e3a00000)
 ParOldGen       total 87040K, used 30339K [0x0000000080000000, 0x0000000085500000, 0x00000000d5580000)
  object space 87040K, 34% used [0x0000000080000000,0x0000000081da0dc0,0x0000000085500000)
 Metaspace       used 56509K, capacity 58884K, committed 59028K, reserved 1099776K
  class space    used 7738K, capacity 8185K, committed 8192K, reserved 1048576K
Event: 15.694 GC heap after
Heap after GC invocations=13 (full 3):
 PSYoungGen      total 232960K, used 0K [0x00000000d5580000, 0x00000000e8a80000, 0x0000000100000000)
  eden space 211968K, 0% used [0x00000000d5580000,0x00000000d5580000,0x00000000e2480000)
  from space 20992K, 0% used [0x00000000e3a00000,0x00000000e3a00000,0x00000000e4e80000)
  to   space 22016K, 0% used [0x00000000e2480000,0x00000000e2480000,0x00000000e3a00000)
 ParOldGen       total 123392K, used 29031K [0x0000000080000000, 0x0000000087880000, 0x00000000d5580000)
  object space 123392K, 23% used [0x0000000080000000,0x0000000081c59f68,0x0000000087880000)
 Metaspace       used 56473K, capacity 58764K, committed 59028K, reserved 1099776K
  class space    used 7727K, capacity 8165K, committed 8192K, reserved 1048576K
}
Event: 20.771 GC heap before
{Heap before GC invocations=14 (full 3):
 PSYoungGen      total 232960K, used 211968K [0x00000000d5580000, 0x00000000e8a80000, 0x0000000100000000)
  eden space 211968K, 100% used [0x00000000d5580000,0x00000000e2480000,0x00000000e2480000)
  from space 20992K, 0% used [0x00000000e3a00000,0x00000000e3a00000,0x00000000e4e80000)
  to   space 22016K, 0% used [0x00000000e2480000,0x00000000e2480000,0x00000000e3a00000)
 ParOldGen       total 123392K, used 29031K [0x0000000080000000, 0x0000000087880000, 0x00000000d5580000)
  object space 123392K, 23% used [0x0000000080000000,0x0000000081c59f68,0x0000000087880000)
 Metaspace       used 64638K, capacity 67968K, committed 68184K, reserved 1107968K
  class space    used 8948K, capacity 9559K, committed 9600K, reserved 1048576K
Event: 20.803 GC heap after
Heap after GC invocations=14 (full 3):
 PSYoungGen      total 233984K, used 19573K [0x00000000d5580000, 0x00000000e8400000, 0x0000000100000000)
  eden space 211968K, 0% used [0x00000000d5580000,0x00000000d5580000,0x00000000e2480000)
  from space 22016K, 88% used [0x00000000e2480000,0x00000000e379d550,0x00000000e3a00000)
  to   space 24064K, 0% used [0x00000000e6c80000,0x00000000e6c80000,0x00000000e8400000)
 ParOldGen       total 123392K, used 29039K [0x0000000080000000, 0x0000000087880000, 0x00000000d5580000)
  object space 123392K, 23% used [0x0000000080000000,0x0000000081c5bf68,0x0000000087880000)
 Metaspace       used 64638K, capacity 67968K, committed 68184K, reserved 1107968K
  class space    used 8948K, capacity 9559K, committed 9600K, reserved 1048576K
}
Event: 24.077 GC heap before
{Heap before GC invocations=15 (full 3):
 PSYoungGen      total 233984K, used 231541K [0x00000000d5580000, 0x00000000e8400000, 0x0000000100000000)
  eden space 211968K, 100% used [0x00000000d5580000,0x00000000e2480000,0x00000000e2480000)
  from space 22016K, 88% used [0x00000000e2480000,0x00000000e379d550,0x00000000e3a00000)
  to   space 24064K, 0% used [0x00000000e6c80000,0x00000000e6c80000,0x00000000e8400000)
 ParOldGen       total 123392K, used 29039K [0x0000000080000000, 0x0000000087880000, 0x00000000d5580000)
  object space 123392K, 23% used [0x0000000080000000,0x0000000081c5bf68,0x0000000087880000)
 Metaspace       used 71300K, capacity 74868K, committed 74968K, reserved 1114112K
  class space    used 9785K, capacity 10452K, committed 10496K, reserved 1048576K
Event: 24.154 GC heap after
Heap after GC invocations=15 (full 3):
 PSYoungGen      total 276992K, used 24042K [0x00000000d5580000, 0x00000000e9500000, 0x0000000100000000)
  eden space 252928K, 0% used [0x00000000d5580000,0x00000000d5580000,0x00000000e4c80000)
  from space 24064K, 99% used [0x00000000e6c80000,0x00000000e83faa18,0x00000000e8400000)
  to   space 32768K, 0% used [0x00000000e4c80000,0x00000000e4c80000,0x00000000e6c80000)
 ParOldGen       total 123392K, used 43049K [0x0000000080000000, 0x0000000087880000, 0x00000000d5580000)
  object space 123392K, 34% used [0x0000000080000000,0x0000000082a0a400,0x0000000087880000)
 Metaspace       used 71300K, capacity 74868K, committed 74968K, reserved 1114112K
  class space    used 9785K, capacity 10452K, committed 10496K, reserved 1048576K
}
Event: 31.866 GC heap before
{Heap before GC invocations=16 (full 3):
 PSYoungGen      total 276992K, used 276970K [0x00000000d5580000, 0x00000000e9500000, 0x0000000100000000)
  eden space 252928K, 100% used [0x00000000d5580000,0x00000000e4c80000,0x00000000e4c80000)
  from space 24064K, 99% used [0x00000000e6c80000,0x00000000e83faa18,0x00000000e8400000)
  to   space 32768K, 0% used [0x00000000e4c80000,0x00000000e4c80000,0x00000000e6c80000)
 ParOldGen       total 123392K, used 43049K [0x0000000080000000, 0x0000000087880000, 0x00000000d5580000)
  object space 123392K, 34% used [0x0000000080000000,0x0000000082a0a400,0x0000000087880000)
 Metaspace       used 80372K, capacity 84968K, committed 85208K, reserved 1122304K
  class space    used 11179K, capacity 12008K, committed 12032K, reserved 1048576K
Event: 32.007 GC heap after
Heap after GC invocations=16 (full 3):
 PSYoungGen      total 285696K, used 32746K [0x00000000d5580000, 0x00000000e9500000, 0x0000000100000000)
  eden space 252928K, 0% used [0x00000000d5580000,0x00000000d5580000,0x00000000e4c80000)
  from space 32768K, 99% used [0x00000000e4c80000,0x00000000e6c7aa58,0x00000000e6c80000)
  to   space 24064K, 0% used [0x00000000e6c80000,0x00000000e6c80000,0x00000000e8400000)
 ParOldGen       total 123392K, used 96244K [0x0000000080000000, 0x0000000087880000, 0x00000000d5580000)
  object space 123392K, 77% used [0x0000000080000000,0x0000000085dfd170,0x0000000087880000)
 Metaspace       used 80372K, capacity 84968K, committed 85208K, reserved 1122304K
  class space    used 11179K, capacity 12008K, committed 12032K, reserved 1048576K
}
Event: 32.007 GC heap before
{Heap before GC invocations=17 (full 4):
 PSYoungGen      total 285696K, used 32746K [0x00000000d5580000, 0x00000000e9500000, 0x0000000100000000)
  eden space 252928K, 0% used [0x00000000d5580000,0x00000000d5580000,0x00000000e4c80000)
  from space 32768K, 99% used [0x00000000e4c80000,0x00000000e6c7aa58,0x00000000e6c80000)
  to   space 24064K, 0% used [0x00000000e6c80000,0x00000000e6c80000,0x00000000e8400000)
 ParOldGen       total 123392K, used 96244K [0x0000000080000000, 0x0000000087880000, 0x00000000d5580000)
  object space 123392K, 77% used [0x0000000080000000,0x0000000085dfd170,0x0000000087880000)
 Metaspace       used 80372K, capacity 84968K, committed 85208K, reserved 1122304K
  class space    used 11179K, capacity 12008K, committed 12032K, reserved 1048576K

